<?xml version="1.0" encoding="UTF-8"?>
<testsuite name="edu.cmu.cs.cs214.hw4.core.TestGame" tests="3" skipped="0" failures="0" errors="0" timestamp="2015-11-01T03:46:33" hostname="MacBook-Pro-6.wv.cc.cmu.edu" time="1.469">
  <properties/>
  <testcase name="testSpecials" classname="edu.cmu.cs.cs214.hw4.core.TestGame" time="0.927"/>
  <testcase name="testGame" classname="edu.cmu.cs.cs214.hw4.core.TestGame" time="0.361"/>
  <testcase name="testPlayer" classname="edu.cmu.cs.cs214.hw4.core.TestGame" time="0.18"/>
  <system-out><![CDATA[Passed specials test
File not found: src/main/nonexistant/words_scrabble.txt
File not found: src/main/nonexistant/scoremodifiers.txt
File not found: src/main/nonexistant/tiles.txt
Passed game test
Passed player test
]]></system-out>
  <system-err><![CDATA[]]></system-err>
</testsuite>
